[2018-09-27 13:33:22.158] [sharedprocess] [info] main {"machineId":"09523034b323759911d0441262a4624497d9596c7e6c94c53e63745824bcc39c"}
[2018-09-27 13:33:22.219] [sharedprocess] [info] Scanned user extensions: 4
[2018-09-27 13:33:22.269] [sharedprocess] [info] Scanned user extensions: 4
[2018-09-27 13:33:22.278] [sharedprocess] [info] Scanned user extensions: 4
[2018-09-27 13:33:22.281] [sharedprocess] [info] Scanned user extensions: 4
[2018-09-27 13:33:22.377] [sharedprocess] [info] Scanned system extensions: 70
[2018-09-27 13:33:22.383] [sharedprocess] [info] Scanned system extensions: 70
[2018-09-27 13:33:22.386] [sharedprocess] [info] Scanned system extensions: 70
[2018-09-27 13:33:24.104] [sharedprocess] [info] Scanned user extensions: 4
[2018-09-27 13:33:48.932] [sharedprocess] [info] Scanned user extensions: 4
[2018-09-27 13:33:48.946] [sharedprocess] [info] Scanned user extensions: 4
[2018-09-27 13:33:48.949] [sharedprocess] [info] Scanned user extensions: 4
[2018-09-27 13:33:49.206] [sharedprocess] [info] Scanned system extensions: 70
[2018-09-27 13:33:49.211] [sharedprocess] [info] Scanned system extensions: 70
[2018-09-27 13:33:51.348] [sharedprocess] [info] Scanned user extensions: 4
[2018-09-27 13:34:02.168] [sharedprocess] [info] Starting to clean up unused language packs.
[2018-09-27 13:35:46.229] [sharedprocess] [info] Scanned user extensions: 4
[2018-09-27 13:38:48.921] [sharedprocess] [info] Scanned user extensions: 4
[2018-09-27 13:38:48.922] [sharedprocess] [info] Scanned user extensions: 4
[2018-09-27 13:38:48.925] [sharedprocess] [info] Scanned user extensions: 4
[2018-09-27 13:38:48.957] [sharedprocess] [info] Scanned user extensions: 4
[2018-09-27 13:38:49.098] [sharedprocess] [info] Scanned system extensions: 70
[2018-09-27 13:38:49.107] [sharedprocess] [info] Scanned system extensions: 70
[2018-09-27 13:38:49.129] [sharedprocess] [info] Scanned system extensions: 70
[2018-09-27 13:38:51.417] [sharedprocess] [info] Scanned user extensions: 4
[2018-09-27 13:38:53.060] [sharedprocess] [info] Scanned user extensions: 4
[2018-09-27 13:38:53.084] [sharedprocess] [info] Scanned user extensions: 4
[2018-09-27 13:38:53.098] [sharedprocess] [info] Scanned user extensions: 4
[2018-09-27 13:38:53.278] [sharedprocess] [info] Scanned system extensions: 70
[2018-09-27 13:38:53.283] [sharedprocess] [info] Scanned system extensions: 70
[2018-09-27 13:38:53.291] [sharedprocess] [info] Scanned system extensions: 70
[2018-09-27 13:40:11.249] [sharedprocess] [info] Installing extension: vue-vscode-snippets
[2018-09-27 13:40:11.288] [sharedprocess] [info] Scanned user extensions: 4
[2018-09-27 13:40:11.358] [sharedprocess] [info] Scanned user extensions: 4
[2018-09-27 13:40:11.463] [sharedprocess] [info] Scanned system extensions: 70
[2018-09-27 13:40:12.272] [sharedprocess] [info] Downloaded extension: vue-vscode-snippets
[2018-09-27 13:40:12.783] [sharedprocess] [info] Extracted extension to /home/academy/.vscode/extensions/.sdras.vue-vscode-snippets-1.3.0: sdras.vue-vscode-snippets-1.3.0
[2018-09-27 13:40:12.791] [sharedprocess] [info] Renamed to /home/academy/.vscode/extensions/sdras.vue-vscode-snippets-1.3.0
[2018-09-27 13:40:12.791] [sharedprocess] [info] Installation completed. sdras.vue-vscode-snippets-1.3.0
[2018-09-27 13:40:12.822] [sharedprocess] [info] Extensions installed successfully: sdras.vue-vscode-snippets
[2018-09-27 13:40:13.087] [sharedprocess] [info] Scanned user extensions: 5
[2018-09-27 13:40:13.162] [sharedprocess] [info] Scanned system extensions: 70
[2018-09-27 13:40:17.060] [sharedprocess] [info] Scanned user extensions: 5
[2018-09-27 13:40:17.069] [sharedprocess] [info] Scanned user extensions: 5
[2018-09-27 13:40:17.075] [sharedprocess] [info] Scanned user extensions: 5
[2018-09-27 13:40:17.096] [sharedprocess] [info] Scanned user extensions: 5
[2018-09-27 13:40:17.102] [sharedprocess] [info] Scanned user extensions: 5
[2018-09-27 13:40:17.120] [sharedprocess] [info] Scanned user extensions: 5
[2018-09-27 13:40:17.194] [sharedprocess] [info] Scanned system extensions: 70
[2018-09-27 13:40:17.197] [sharedprocess] [info] Scanned system extensions: 70
[2018-09-27 13:40:17.207] [sharedprocess] [info] Scanned system extensions: 70
[2018-09-27 13:40:17.210] [sharedprocess] [info] Scanned system extensions: 70
[2018-09-27 13:40:20.433] [sharedprocess] [info] Scanned user extensions: 5
[2018-09-27 13:40:35.858] [sharedprocess] [info] Installing extension: vscode-eslint
[2018-09-27 13:40:35.866] [sharedprocess] [info] Scanned user extensions: 5
[2018-09-27 13:40:36.854] [sharedprocess] [info] Downloaded extension: vscode-eslint
[2018-09-27 13:40:37.901] [sharedprocess] [info] Extracted extension to /home/academy/.vscode/extensions/.dbaeumer.vscode-eslint-1.4.12: dbaeumer.vscode-eslint-1.4.12
[2018-09-27 13:40:37.901] [sharedprocess] [info] Renamed to /home/academy/.vscode/extensions/dbaeumer.vscode-eslint-1.4.12
[2018-09-27 13:40:37.901] [sharedprocess] [info] Installation completed. dbaeumer.vscode-eslint-1.4.12
[2018-09-27 13:40:37.916] [sharedprocess] [info] Extensions installed successfully: dbaeumer.vscode-eslint
[2018-09-27 13:40:38.076] [sharedprocess] [info] Scanned user extensions: 6
[2018-09-27 13:40:38.147] [sharedprocess] [info] Scanned system extensions: 70
[2018-09-27 13:40:42.491] [sharedprocess] [info] Scanned user extensions: 6
[2018-09-27 13:40:42.497] [sharedprocess] [info] Scanned user extensions: 6
[2018-09-27 13:40:42.501] [sharedprocess] [info] Scanned user extensions: 6
[2018-09-27 13:40:42.546] [sharedprocess] [info] Scanned user extensions: 6
[2018-09-27 13:40:42.549] [sharedprocess] [info] Scanned user extensions: 6
[2018-09-27 13:40:42.559] [sharedprocess] [info] Scanned user extensions: 6
[2018-09-27 13:40:42.633] [sharedprocess] [info] Scanned system extensions: 70
[2018-09-27 13:40:42.637] [sharedprocess] [info] Scanned system extensions: 70
[2018-09-27 13:40:42.640] [sharedprocess] [info] Scanned system extensions: 70
[2018-09-27 13:40:42.647] [sharedprocess] [info] Scanned system extensions: 70
[2018-09-27 13:40:45.999] [sharedprocess] [info] Scanned user extensions: 6
[2018-09-27 13:41:21.912] [sharedprocess] [info] Scanned user extensions: 6
[2018-09-27 13:45:46.236] [sharedprocess] [info] Scanned user extensions: 6
[2018-09-27 13:50:46.270] [sharedprocess] [info] Scanned user extensions: 6
[2018-09-27 13:55:46.325] [sharedprocess] [info] Scanned user extensions: 6
[2018-09-27 14:00:46.396] [sharedprocess] [info] Scanned user extensions: 6
[2018-09-27 14:05:46.502] [sharedprocess] [info] Scanned user extensions: 6
[2018-09-27 14:10:46.594] [sharedprocess] [info] Scanned user extensions: 6
[2018-09-27 14:15:46.618] [sharedprocess] [info] Scanned user extensions: 6
[2018-09-27 14:20:46.697] [sharedprocess] [info] Scanned user extensions: 6
[2018-09-27 14:25:46.729] [sharedprocess] [info] Scanned user extensions: 6
[2018-09-27 14:30:46.774] [sharedprocess] [info] Scanned user extensions: 6
[2018-09-27 14:35:47.150] [sharedprocess] [info] Scanned user extensions: 6
[2018-09-27 14:40:47.176] [sharedprocess] [info] Scanned user extensions: 6
[2018-09-27 14:41:35.955] [sharedprocess] [info] Scanned user extensions: 6
[2018-09-27 14:41:35.985] [sharedprocess] [info] Scanned user extensions: 6
[2018-09-27 14:41:35.989] [sharedprocess] [info] Scanned user extensions: 6
[2018-09-27 14:41:36.194] [sharedprocess] [info] Scanned system extensions: 70
[2018-09-27 14:41:36.199] [sharedprocess] [info] Scanned system extensions: 70
[2018-09-27 14:41:38.409] [sharedprocess] [info] Scanned user extensions: 6
[2018-09-27 14:45:47.234] [sharedprocess] [info] Scanned user extensions: 6
[2018-09-27 14:50:47.261] [sharedprocess] [info] Scanned user extensions: 6
[2018-09-27 14:55:47.293] [sharedprocess] [info] Scanned user extensions: 6
[2018-09-27 15:00:47.403] [sharedprocess] [info] Scanned user extensions: 6
[2018-09-27 15:05:47.535] [sharedprocess] [info] Scanned user extensions: 6
[2018-09-27 15:10:47.659] [sharedprocess] [info] Scanned user extensions: 6
[2018-09-27 15:15:47.713] [sharedprocess] [info] Scanned user extensions: 6
[2018-09-27 15:20:47.789] [sharedprocess] [info] Scanned user extensions: 6
[2018-09-27 15:25:47.912] [sharedprocess] [info] Scanned user extensions: 6
[2018-09-27 15:30:47.971] [sharedprocess] [info] Scanned user extensions: 6
[2018-09-27 15:35:48.265] [sharedprocess] [info] Scanned user extensions: 6
[2018-09-27 15:40:48.318] [sharedprocess] [info] Scanned user extensions: 6
[2018-09-27 15:45:48.358] [sharedprocess] [info] Scanned user extensions: 6
[2018-09-27 15:50:48.393] [sharedprocess] [info] Scanned user extensions: 6
[2018-09-27 15:55:27.420] [sharedprocess] [info] Scanned user extensions: 6
[2018-09-27 15:55:27.434] [sharedprocess] [info] Scanned user extensions: 6
[2018-09-27 15:55:27.442] [sharedprocess] [info] Scanned user extensions: 6
[2018-09-27 15:55:27.606] [sharedprocess] [info] Scanned system extensions: 70
[2018-09-27 15:55:27.609] [sharedprocess] [info] Scanned system extensions: 70
[2018-09-27 15:55:27.616] [sharedprocess] [info] Scanned system extensions: 70
[2018-09-27 15:55:48.421] [sharedprocess] [info] Scanned user extensions: 6
[2018-09-27 16:00:48.469] [sharedprocess] [info] Scanned user extensions: 6
[2018-09-27 16:05:48.510] [sharedprocess] [info] Scanned user extensions: 6
[2018-09-27 16:10:48.564] [sharedprocess] [info] Scanned user extensions: 6
[2018-09-27 16:15:48.588] [sharedprocess] [info] Scanned user extensions: 6
[2018-09-27 16:20:48.682] [sharedprocess] [info] Scanned user extensions: 6
[2018-09-27 16:25:48.733] [sharedprocess] [info] Scanned user extensions: 6
[2018-09-27 16:30:48.775] [sharedprocess] [info] Scanned user extensions: 6
[2018-09-27 16:35:48.969] [sharedprocess] [info] Scanned user extensions: 6
[2018-09-27 16:40:49.130] [sharedprocess] [info] Scanned user extensions: 6
[2018-09-27 16:45:49.463] [sharedprocess] [info] Scanned user extensions: 6
[2018-09-27 16:50:49.522] [sharedprocess] [info] Scanned user extensions: 6
[2018-09-28 09:27:15.174] [sharedprocess] [info] Scanned user extensions: 6
[2018-09-28 09:32:15.302] [sharedprocess] [info] Scanned user extensions: 6
[2018-09-28 09:37:15.344] [sharedprocess] [info] Scanned user extensions: 6
[2018-09-28 09:42:15.501] [sharedprocess] [info] Scanned user extensions: 6
[2018-09-28 09:47:15.548] [sharedprocess] [info] Scanned user extensions: 6
[2018-09-28 09:52:15.601] [sharedprocess] [info] Scanned user extensions: 6
[2018-09-28 09:57:15.646] [sharedprocess] [info] Scanned user extensions: 6
[2018-09-28 10:02:15.704] [sharedprocess] [info] Scanned user extensions: 6
[2018-09-28 10:07:15.817] [sharedprocess] [info] Scanned user extensions: 6
[2018-09-28 10:12:15.894] [sharedprocess] [info] Scanned user extensions: 6
[2018-09-28 10:17:15.972] [sharedprocess] [info] Scanned user extensions: 6
[2018-09-28 10:22:16.007] [sharedprocess] [info] Scanned user extensions: 6
[2018-09-28 10:27:16.239] [sharedprocess] [info] Scanned user extensions: 6
[2018-09-28 10:32:16.274] [sharedprocess] [info] Scanned user extensions: 6
[2018-09-28 10:37:16.320] [sharedprocess] [info] Scanned user extensions: 6
[2018-09-28 10:42:16.352] [sharedprocess] [info] Scanned user extensions: 6
[2018-09-28 10:47:16.387] [sharedprocess] [info] Scanned user extensions: 6
[2018-09-28 10:52:16.415] [sharedprocess] [info] Scanned user extensions: 6
[2018-09-28 10:57:16.447] [sharedprocess] [info] Scanned user extensions: 6
[2018-09-28 11:02:16.518] [sharedprocess] [info] Scanned user extensions: 6
[2018-09-28 11:07:16.557] [sharedprocess] [info] Scanned user extensions: 6
[2018-09-28 11:12:16.749] [sharedprocess] [info] Scanned user extensions: 6
[2018-09-28 11:17:16.833] [sharedprocess] [info] Scanned user extensions: 6
[2018-09-28 11:22:16.888] [sharedprocess] [info] Scanned user extensions: 6
[2018-09-28 11:27:17.323] [sharedprocess] [info] Scanned user extensions: 6
[2018-09-28 11:32:17.598] [sharedprocess] [info] Scanned user extensions: 6
[2018-09-28 11:37:17.613] [sharedprocess] [info] Scanned user extensions: 6
[2018-09-28 11:42:17.712] [sharedprocess] [info] Scanned user extensions: 6
[2018-09-28 11:47:17.744] [sharedprocess] [info] Scanned user extensions: 6
[2018-09-28 11:52:17.780] [sharedprocess] [info] Scanned user extensions: 6
[2018-09-28 11:57:17.794] [sharedprocess] [info] Scanned user extensions: 6
[2018-09-28 12:02:17.828] [sharedprocess] [info] Scanned user extensions: 6
[2018-09-28 12:07:17.858] [sharedprocess] [info] Scanned user extensions: 6
[2018-09-28 12:12:17.898] [sharedprocess] [info] Scanned user extensions: 6
[2018-09-28 12:17:17.927] [sharedprocess] [info] Scanned user extensions: 6
[2018-09-28 12:22:17.944] [sharedprocess] [info] Scanned user extensions: 6
[2018-09-28 12:27:18.167] [sharedprocess] [info] Scanned user extensions: 6
[2018-09-28 12:32:18.266] [sharedprocess] [info] Scanned user extensions: 6
[2018-09-28 12:37:18.308] [sharedprocess] [info] Scanned user extensions: 6
[2018-09-28 12:42:18.438] [sharedprocess] [info] Scanned user extensions: 6
[2018-09-28 12:47:18.460] [sharedprocess] [info] Scanned user extensions: 6
[2018-09-28 12:52:18.622] [sharedprocess] [info] Scanned user extensions: 6
[2018-09-28 12:57:18.809] [sharedprocess] [info] Scanned user extensions: 6
[2018-09-28 13:02:18.863] [sharedprocess] [info] Scanned user extensions: 6
[2018-09-28 13:07:18.968] [sharedprocess] [info] Scanned user extensions: 6
[2018-09-28 13:12:19.219] [sharedprocess] [info] Scanned user extensions: 6
[2018-09-28 13:17:19.356] [sharedprocess] [info] Scanned user extensions: 6
[2018-09-28 13:22:19.549] [sharedprocess] [info] Scanned user extensions: 6
[2018-09-28 13:27:21.644] [sharedprocess] [info] Scanned user extensions: 6
[2018-09-28 13:32:21.902] [sharedprocess] [info] Scanned user extensions: 6
[2018-09-28 13:37:22.115] [sharedprocess] [info] Scanned user extensions: 6
[2018-09-28 13:42:22.179] [sharedprocess] [info] Scanned user extensions: 6
[2018-09-28 13:47:22.238] [sharedprocess] [info] Scanned user extensions: 6
[2018-09-28 13:52:22.406] [sharedprocess] [info] Scanned user extensions: 6
[2018-09-28 13:57:22.872] [sharedprocess] [info] Scanned user extensions: 6
[2018-09-28 14:02:23.007] [sharedprocess] [info] Scanned user extensions: 6
[2018-09-28 14:11:46.859] [sharedprocess] [info] Scanned user extensions: 6
