[Info  - 1:40:45 PM] Using tsserver from: /usr/share/code/resources/app/extensions/node_modules/typescript/lib
[Info  - 1:40:45 PM] Forking TSServer
PATH: /usr/local/sbin:/usr/local/bin:/usr/sbin:/usr/bin:/sbin:/bin:/snap/bin 
[Info  - 1:40:45 PM] Started TSServer
[Error  - 1:41:10 PM] 'getApplicableRefactors' request failed with error.
Error processing request. Debug Failure. Did not expect JsxClosingFragment to have an Identifier in its trivia
Error: Debug Failure. Did not expect JsxClosingFragment to have an Identifier in its trivia
    at addSyntheticNodes (/usr/share/code/resources/app/extensions/node_modules/typescript/lib/tsserver.js:89462:30)
    at createChildren (/usr/share/code/resources/app/extensions/node_modules/typescript/lib/tsserver.js:89451:9)
    at NodeObject.getChildren (/usr/share/code/resources/app/extensions/node_modules/typescript/lib/tsserver.js:89400:56)
    at findRightmostToken (/usr/share/code/resources/app/extensions/node_modules/typescript/lib/tsserver.js:71306:26)
    at findRightmostToken (/usr/share/code/resources/app/extensions/node_modules/typescript/lib/tsserver.js:71308:29)
    at findRightmostToken (/usr/share/code/resources/app/extensions/node_modules/typescript/lib/tsserver.js:71308:29)
    at findRightmostToken (/usr/share/code/resources/app/extensions/node_modules/typescript/lib/tsserver.js:71308:29)
    at findRightmostToken (/usr/share/code/resources/app/extensions/node_modules/typescript/lib/tsserver.js:71308:29)
    at findRightmostToken (/usr/share/code/resources/app/extensions/node_modules/typescript/lib/tsserver.js:71308:29)
    at find (/usr/share/code/resources/app/extensions/node_modules/typescript/lib/tsserver.js:71294:37)
    at findPrecedingToken (/usr/share/code/resources/app/extensions/node_modules/typescript/lib/tsserver.js:71267:22)
    at Object.findTokenOnLeftOfPosition (/usr/share/code/resources/app/extensions/node_modules/typescript/lib/tsserver.js:71244:16)
    at getRangeToExtract (/usr/share/code/resources/app/extensions/node_modules/typescript/lib/tsserver.js:87153:50)
    at Object.getAvailableActions (/usr/share/code/resources/app/extensions/node_modules/typescript/lib/tsserver.js:87036:38)
    at /usr/share/code/resources/app/extensions/node_modules/typescript/lib/tsserver.js:83782:128
    at getIterator (/usr/share/code/resources/app/extensions/node_modules/typescript/lib/tsserver.js:1838:23)
    at Object.flatMapIterator (/usr/share/code/resources/app/extensions/node_modules/typescript/lib/tsserver.js:1821:27)
    at Object.getApplicableRefactors (/usr/share/code/resources/app/extensions/node_modules/typescript/lib/tsserver.js:83781:36)
    at Object.getApplicableRefactors (/usr/share/code/resources/app/extensions/node_modules/typescript/lib/tsserver.js:90896:32)
    at IOSession.Session.getApplicableRefactors (/usr/share/code/resources/app/extensions/node_modules/typescript/lib/tsserver.js:97373:53)
    at Session.handlers.ts.createMapFromTemplate._a.(anonymous function) (/usr/share/code/resources/app/extensions/node_modules/typescript/lib/tsserver.js:96268:61)
    at /usr/share/code/resources/app/extensions/node_modules/typescript/lib/tsserver.js:97580:88
    at IOSession.Session.executeWithRequestId (/usr/share/code/resources/app/extensions/node_modules/typescript/lib/tsserver.js:97571:28)
    at IOSession.Session.executeCommand (/usr/share/code/resources/app/extensions/node_modules/typescript/lib/tsserver.js:97580:33)
    at IOSession.Session.onMessage (/usr/share/code/resources/app/extensions/node_modules/typescript/lib/tsserver.js:97600:35)
    at Interface.<anonymous> (/usr/share/code/resources/app/extensions/node_modules/typescript/lib/tsserver.js:98831:27)
    at emitOne (events.js:96:13)
    at Interface.emit (events.js:191:7)
    at Interface._onLine (readline.js:241:10)
    at Interface._normalWrite (readline.js:384:12)
    at Socket.ondata (readline.js:101:10)
    at emitOne (events.js:96:13)
    at Socket.emit (events.js:191:7)
    at readableAddChunk (_stream_readable.js:178:18)
    at Socket.Readable.push (_stream_readable.js:136:10)
    at Pipe.onread (net.js:560:20)
[Error  - 1:41:11 PM] 'getApplicableRefactors' request failed with error.
Error processing request. Debug Failure. Did not expect JsxClosingFragment to have an Identifier in its trivia
Error: Debug Failure. Did not expect JsxClosingFragment to have an Identifier in its trivia
    at addSyntheticNodes (/usr/share/code/resources/app/extensions/node_modules/typescript/lib/tsserver.js:89462:30)
    at createChildren (/usr/share/code/resources/app/extensions/node_modules/typescript/lib/tsserver.js:89451:9)
    at NodeObject.getChildren (/usr/share/code/resources/app/extensions/node_modules/typescript/lib/tsserver.js:89400:56)
    at findRightmostToken (/usr/share/code/resources/app/extensions/node_modules/typescript/lib/tsserver.js:71306:26)
    at findRightmostToken (/usr/share/code/resources/app/extensions/node_modules/typescript/lib/tsserver.js:71308:29)
    at findRightmostToken (/usr/share/code/resources/app/extensions/node_modules/typescript/lib/tsserver.js:71308:29)
    at findRightmostToken (/usr/share/code/resources/app/extensions/node_modules/typescript/lib/tsserver.js:71308:29)
    at findRightmostToken (/usr/share/code/resources/app/extensions/node_modules/typescript/lib/tsserver.js:71308:29)
    at findRightmostToken (/usr/share/code/resources/app/extensions/node_modules/typescript/lib/tsserver.js:71308:29)
    at find (/usr/share/code/resources/app/extensions/node_modules/typescript/lib/tsserver.js:71294:37)
    at findPrecedingToken (/usr/share/code/resources/app/extensions/node_modules/typescript/lib/tsserver.js:71267:22)
    at Object.findTokenOnLeftOfPosition (/usr/share/code/resources/app/extensions/node_modules/typescript/lib/tsserver.js:71244:16)
    at getRangeToExtract (/usr/share/code/resources/app/extensions/node_modules/typescript/lib/tsserver.js:87153:50)
    at Object.getAvailableActions (/usr/share/code/resources/app/extensions/node_modules/typescript/lib/tsserver.js:87036:38)
    at /usr/share/code/resources/app/extensions/node_modules/typescript/lib/tsserver.js:83782:128
    at getIterator (/usr/share/code/resources/app/extensions/node_modules/typescript/lib/tsserver.js:1838:23)
    at Object.flatMapIterator (/usr/share/code/resources/app/extensions/node_modules/typescript/lib/tsserver.js:1821:27)
    at Object.getApplicableRefactors (/usr/share/code/resources/app/extensions/node_modules/typescript/lib/tsserver.js:83781:36)
    at Object.getApplicableRefactors (/usr/share/code/resources/app/extensions/node_modules/typescript/lib/tsserver.js:90896:32)
    at IOSession.Session.getApplicableRefactors (/usr/share/code/resources/app/extensions/node_modules/typescript/lib/tsserver.js:97373:53)
    at Session.handlers.ts.createMapFromTemplate._a.(anonymous function) (/usr/share/code/resources/app/extensions/node_modules/typescript/lib/tsserver.js:96268:61)
    at /usr/share/code/resources/app/extensions/node_modules/typescript/lib/tsserver.js:97580:88
    at IOSession.Session.executeWithRequestId (/usr/share/code/resources/app/extensions/node_modules/typescript/lib/tsserver.js:97571:28)
    at IOSession.Session.executeCommand (/usr/share/code/resources/app/extensions/node_modules/typescript/lib/tsserver.js:97580:33)
    at IOSession.Session.onMessage (/usr/share/code/resources/app/extensions/node_modules/typescript/lib/tsserver.js:97600:35)
    at Interface.<anonymous> (/usr/share/code/resources/app/extensions/node_modules/typescript/lib/tsserver.js:98831:27)
    at emitOne (events.js:96:13)
    at Interface.emit (events.js:191:7)
    at Interface._onLine (readline.js:241:10)
    at Interface._normalWrite (readline.js:384:12)
    at Socket.ondata (readline.js:101:10)
    at emitOne (events.js:96:13)
    at Socket.emit (events.js:191:7)
    at readableAddChunk (_stream_readable.js:178:18)
    at Socket.Readable.push (_stream_readable.js:136:10)
    at Pipe.onread (net.js:560:20)
[Error  - 1:42:26 PM] 'getApplicableRefactors' request failed with error.
Error processing request. Debug Failure. Did not expect JsxClosingFragment to have an Identifier in its trivia
Error: Debug Failure. Did not expect JsxClosingFragment to have an Identifier in its trivia
    at addSyntheticNodes (/usr/share/code/resources/app/extensions/node_modules/typescript/lib/tsserver.js:89462:30)
    at createChildren (/usr/share/code/resources/app/extensions/node_modules/typescript/lib/tsserver.js:89451:9)
    at NodeObject.getChildren (/usr/share/code/resources/app/extensions/node_modules/typescript/lib/tsserver.js:89400:56)
    at findRightmostToken (/usr/share/code/resources/app/extensions/node_modules/typescript/lib/tsserver.js:71306:26)
    at findRightmostToken (/usr/share/code/resources/app/extensions/node_modules/typescript/lib/tsserver.js:71308:29)
    at findRightmostToken (/usr/share/code/resources/app/extensions/node_modules/typescript/lib/tsserver.js:71308:29)
    at findRightmostToken (/usr/share/code/resources/app/extensions/node_modules/typescript/lib/tsserver.js:71308:29)
    at findRightmostToken (/usr/share/code/resources/app/extensions/node_modules/typescript/lib/tsserver.js:71308:29)
    at findRightmostToken (/usr/share/code/resources/app/extensions/node_modules/typescript/lib/tsserver.js:71308:29)
    at find (/usr/share/code/resources/app/extensions/node_modules/typescript/lib/tsserver.js:71294:37)
    at findPrecedingToken (/usr/share/code/resources/app/extensions/node_modules/typescript/lib/tsserver.js:71267:22)
    at Object.findTokenOnLeftOfPosition (/usr/share/code/resources/app/extensions/node_modules/typescript/lib/tsserver.js:71244:16)
    at getRangeToExtract (/usr/share/code/resources/app/extensions/node_modules/typescript/lib/tsserver.js:87153:50)
    at Object.getAvailableActions (/usr/share/code/resources/app/extensions/node_modules/typescript/lib/tsserver.js:87036:38)
    at /usr/share/code/resources/app/extensions/node_modules/typescript/lib/tsserver.js:83782:128
    at getIterator (/usr/share/code/resources/app/extensions/node_modules/typescript/lib/tsserver.js:1838:23)
    at Object.flatMapIterator (/usr/share/code/resources/app/extensions/node_modules/typescript/lib/tsserver.js:1821:27)
    at Object.getApplicableRefactors (/usr/share/code/resources/app/extensions/node_modules/typescript/lib/tsserver.js:83781:36)
    at Object.getApplicableRefactors (/usr/share/code/resources/app/extensions/node_modules/typescript/lib/tsserver.js:90896:32)
    at IOSession.Session.getApplicableRefactors (/usr/share/code/resources/app/extensions/node_modules/typescript/lib/tsserver.js:97373:53)
    at Session.handlers.ts.createMapFromTemplate._a.(anonymous function) (/usr/share/code/resources/app/extensions/node_modules/typescript/lib/tsserver.js:96268:61)
    at /usr/share/code/resources/app/extensions/node_modules/typescript/lib/tsserver.js:97580:88
    at IOSession.Session.executeWithRequestId (/usr/share/code/resources/app/extensions/node_modules/typescript/lib/tsserver.js:97571:28)
    at IOSession.Session.executeCommand (/usr/share/code/resources/app/extensions/node_modules/typescript/lib/tsserver.js:97580:33)
    at IOSession.Session.onMessage (/usr/share/code/resources/app/extensions/node_modules/typescript/lib/tsserver.js:97600:35)
    at Interface.<anonymous> (/usr/share/code/resources/app/extensions/node_modules/typescript/lib/tsserver.js:98831:27)
    at emitOne (events.js:96:13)
    at Interface.emit (events.js:191:7)
    at Interface._onLine (readline.js:241:10)
    at Interface._normalWrite (readline.js:384:12)
    at Socket.ondata (readline.js:101:10)
    at emitOne (events.js:96:13)
    at Socket.emit (events.js:191:7)
    at readableAddChunk (_stream_readable.js:178:18)
    at Socket.Readable.push (_stream_readable.js:136:10)
    at Pipe.onread (net.js:560:20)
[Error  - 1:42:26 PM] 'getApplicableRefactors' request failed with error.
Error processing request. Debug Failure. Did not expect JsxClosingFragment to have an Identifier in its trivia
Error: Debug Failure. Did not expect JsxClosingFragment to have an Identifier in its trivia
    at addSyntheticNodes (/usr/share/code/resources/app/extensions/node_modules/typescript/lib/tsserver.js:89462:30)
    at createChildren (/usr/share/code/resources/app/extensions/node_modules/typescript/lib/tsserver.js:89451:9)
    at NodeObject.getChildren (/usr/share/code/resources/app/extensions/node_modules/typescript/lib/tsserver.js:89400:56)
    at findRightmostToken (/usr/share/code/resources/app/extensions/node_modules/typescript/lib/tsserver.js:71306:26)
    at findRightmostToken (/usr/share/code/resources/app/extensions/node_modules/typescript/lib/tsserver.js:71308:29)
    at findRightmostToken (/usr/share/code/resources/app/extensions/node_modules/typescript/lib/tsserver.js:71308:29)
    at findRightmostToken (/usr/share/code/resources/app/extensions/node_modules/typescript/lib/tsserver.js:71308:29)
    at findRightmostToken (/usr/share/code/resources/app/extensions/node_modules/typescript/lib/tsserver.js:71308:29)
    at findRightmostToken (/usr/share/code/resources/app/extensions/node_modules/typescript/lib/tsserver.js:71308:29)
    at find (/usr/share/code/resources/app/extensions/node_modules/typescript/lib/tsserver.js:71294:37)
    at findPrecedingToken (/usr/share/code/resources/app/extensions/node_modules/typescript/lib/tsserver.js:71267:22)
    at Object.findTokenOnLeftOfPosition (/usr/share/code/resources/app/extensions/node_modules/typescript/lib/tsserver.js:71244:16)
    at getRangeToExtract (/usr/share/code/resources/app/extensions/node_modules/typescript/lib/tsserver.js:87153:50)
    at Object.getAvailableActions (/usr/share/code/resources/app/extensions/node_modules/typescript/lib/tsserver.js:87036:38)
    at /usr/share/code/resources/app/extensions/node_modules/typescript/lib/tsserver.js:83782:128
    at getIterator (/usr/share/code/resources/app/extensions/node_modules/typescript/lib/tsserver.js:1838:23)
    at Object.flatMapIterator (/usr/share/code/resources/app/extensions/node_modules/typescript/lib/tsserver.js:1821:27)
    at Object.getApplicableRefactors (/usr/share/code/resources/app/extensions/node_modules/typescript/lib/tsserver.js:83781:36)
    at Object.getApplicableRefactors (/usr/share/code/resources/app/extensions/node_modules/typescript/lib/tsserver.js:90896:32)
    at IOSession.Session.getApplicableRefactors (/usr/share/code/resources/app/extensions/node_modules/typescript/lib/tsserver.js:97373:53)
    at Session.handlers.ts.createMapFromTemplate._a.(anonymous function) (/usr/share/code/resources/app/extensions/node_modules/typescript/lib/tsserver.js:96268:61)
    at /usr/share/code/resources/app/extensions/node_modules/typescript/lib/tsserver.js:97580:88
    at IOSession.Session.executeWithRequestId (/usr/share/code/resources/app/extensions/node_modules/typescript/lib/tsserver.js:97571:28)
    at IOSession.Session.executeCommand (/usr/share/code/resources/app/extensions/node_modules/typescript/lib/tsserver.js:97580:33)
    at IOSession.Session.onMessage (/usr/share/code/resources/app/extensions/node_modules/typescript/lib/tsserver.js:97600:35)
    at Interface.<anonymous> (/usr/share/code/resources/app/extensions/node_modules/typescript/lib/tsserver.js:98831:27)
    at emitOne (events.js:96:13)
    at Interface.emit (events.js:191:7)
    at Interface._onLine (readline.js:241:10)
    at Interface._normalWrite (readline.js:384:12)
    at Socket.ondata (readline.js:101:10)
    at emitOne (events.js:96:13)
    at Socket.emit (events.js:191:7)
    at readableAddChunk (_stream_readable.js:178:18)
    at Socket.Readable.push (_stream_readable.js:136:10)
    at Pipe.onread (net.js:560:20)
[Error  - 1:42:26 PM] 'getApplicableRefactors' request failed with error.
Error processing request. Debug Failure. Did not expect JsxClosingFragment to have an Identifier in its trivia
Error: Debug Failure. Did not expect JsxClosingFragment to have an Identifier in its trivia
    at addSyntheticNodes (/usr/share/code/resources/app/extensions/node_modules/typescript/lib/tsserver.js:89462:30)
    at createChildren (/usr/share/code/resources/app/extensions/node_modules/typescript/lib/tsserver.js:89451:9)
    at NodeObject.getChildren (/usr/share/code/resources/app/extensions/node_modules/typescript/lib/tsserver.js:89400:56)
    at findRightmostToken (/usr/share/code/resources/app/extensions/node_modules/typescript/lib/tsserver.js:71306:26)
    at findRightmostToken (/usr/share/code/resources/app/extensions/node_modules/typescript/lib/tsserver.js:71308:29)
    at findRightmostToken (/usr/share/code/resources/app/extensions/node_modules/typescript/lib/tsserver.js:71308:29)
    at findRightmostToken (/usr/share/code/resources/app/extensions/node_modules/typescript/lib/tsserver.js:71308:29)
    at findRightmostToken (/usr/share/code/resources/app/extensions/node_modules/typescript/lib/tsserver.js:71308:29)
    at findRightmostToken (/usr/share/code/resources/app/extensions/node_modules/typescript/lib/tsserver.js:71308:29)
    at find (/usr/share/code/resources/app/extensions/node_modules/typescript/lib/tsserver.js:71294:37)
    at findPrecedingToken (/usr/share/code/resources/app/extensions/node_modules/typescript/lib/tsserver.js:71267:22)
    at Object.findTokenOnLeftOfPosition (/usr/share/code/resources/app/extensions/node_modules/typescript/lib/tsserver.js:71244:16)
    at getRangeToExtract (/usr/share/code/resources/app/extensions/node_modules/typescript/lib/tsserver.js:87153:50)
    at Object.getAvailableActions (/usr/share/code/resources/app/extensions/node_modules/typescript/lib/tsserver.js:87036:38)
    at /usr/share/code/resources/app/extensions/node_modules/typescript/lib/tsserver.js:83782:128
    at getIterator (/usr/share/code/resources/app/extensions/node_modules/typescript/lib/tsserver.js:1838:23)
    at Object.flatMapIterator (/usr/share/code/resources/app/extensions/node_modules/typescript/lib/tsserver.js:1821:27)
    at Object.getApplicableRefactors (/usr/share/code/resources/app/extensions/node_modules/typescript/lib/tsserver.js:83781:36)
    at Object.getApplicableRefactors (/usr/share/code/resources/app/extensions/node_modules/typescript/lib/tsserver.js:90896:32)
    at IOSession.Session.getApplicableRefactors (/usr/share/code/resources/app/extensions/node_modules/typescript/lib/tsserver.js:97373:53)
    at Session.handlers.ts.createMapFromTemplate._a.(anonymous function) (/usr/share/code/resources/app/extensions/node_modules/typescript/lib/tsserver.js:96268:61)
    at /usr/share/code/resources/app/extensions/node_modules/typescript/lib/tsserver.js:97580:88
    at IOSession.Session.executeWithRequestId (/usr/share/code/resources/app/extensions/node_modules/typescript/lib/tsserver.js:97571:28)
    at IOSession.Session.executeCommand (/usr/share/code/resources/app/extensions/node_modules/typescript/lib/tsserver.js:97580:33)
    at IOSession.Session.onMessage (/usr/share/code/resources/app/extensions/node_modules/typescript/lib/tsserver.js:97600:35)
    at Interface.<anonymous> (/usr/share/code/resources/app/extensions/node_modules/typescript/lib/tsserver.js:98831:27)
    at emitOne (events.js:96:13)
    at Interface.emit (events.js:191:7)
    at Interface._onLine (readline.js:241:10)
    at Interface._normalWrite (readline.js:384:12)
    at Socket.ondata (readline.js:101:10)
    at emitOne (events.js:96:13)
    at Socket.emit (events.js:191:7)
    at readableAddChunk (_stream_readable.js:178:18)
    at Socket.Readable.push (_stream_readable.js:136:10)
    at Pipe.onread (net.js:560:20)
[Error  - 1:42:26 PM] 'getApplicableRefactors' request failed with error.
Error processing request. Debug Failure. Did not expect JsxClosingFragment to have an Identifier in its trivia
Error: Debug Failure. Did not expect JsxClosingFragment to have an Identifier in its trivia
    at addSyntheticNodes (/usr/share/code/resources/app/extensions/node_modules/typescript/lib/tsserver.js:89462:30)
    at createChildren (/usr/share/code/resources/app/extensions/node_modules/typescript/lib/tsserver.js:89451:9)
    at NodeObject.getChildren (/usr/share/code/resources/app/extensions/node_modules/typescript/lib/tsserver.js:89400:56)
    at findRightmostToken (/usr/share/code/resources/app/extensions/node_modules/typescript/lib/tsserver.js:71306:26)
    at findRightmostToken (/usr/share/code/resources/app/extensions/node_modules/typescript/lib/tsserver.js:71308:29)
    at findRightmostToken (/usr/share/code/resources/app/extensions/node_modules/typescript/lib/tsserver.js:71308:29)
    at findRightmostToken (/usr/share/code/resources/app/extensions/node_modules/typescript/lib/tsserver.js:71308:29)
    at findRightmostToken (/usr/share/code/resources/app/extensions/node_modules/typescript/lib/tsserver.js:71308:29)
    at findRightmostToken (/usr/share/code/resources/app/extensions/node_modules/typescript/lib/tsserver.js:71308:29)
    at find (/usr/share/code/resources/app/extensions/node_modules/typescript/lib/tsserver.js:71294:37)
    at findPrecedingToken (/usr/share/code/resources/app/extensions/node_modules/typescript/lib/tsserver.js:71267:22)
    at Object.findTokenOnLeftOfPosition (/usr/share/code/resources/app/extensions/node_modules/typescript/lib/tsserver.js:71244:16)
    at getRangeToExtract (/usr/share/code/resources/app/extensions/node_modules/typescript/lib/tsserver.js:87153:50)
    at Object.getAvailableActions (/usr/share/code/resources/app/extensions/node_modules/typescript/lib/tsserver.js:87036:38)
    at /usr/share/code/resources/app/extensions/node_modules/typescript/lib/tsserver.js:83782:128
    at getIterator (/usr/share/code/resources/app/extensions/node_modules/typescript/lib/tsserver.js:1838:23)
    at Object.flatMapIterator (/usr/share/code/resources/app/extensions/node_modules/typescript/lib/tsserver.js:1821:27)
    at Object.getApplicableRefactors (/usr/share/code/resources/app/extensions/node_modules/typescript/lib/tsserver.js:83781:36)
    at Object.getApplicableRefactors (/usr/share/code/resources/app/extensions/node_modules/typescript/lib/tsserver.js:90896:32)
    at IOSession.Session.getApplicableRefactors (/usr/share/code/resources/app/extensions/node_modules/typescript/lib/tsserver.js:97373:53)
    at Session.handlers.ts.createMapFromTemplate._a.(anonymous function) (/usr/share/code/resources/app/extensions/node_modules/typescript/lib/tsserver.js:96268:61)
    at /usr/share/code/resources/app/extensions/node_modules/typescript/lib/tsserver.js:97580:88
    at IOSession.Session.executeWithRequestId (/usr/share/code/resources/app/extensions/node_modules/typescript/lib/tsserver.js:97571:28)
    at IOSession.Session.executeCommand (/usr/share/code/resources/app/extensions/node_modules/typescript/lib/tsserver.js:97580:33)
    at IOSession.Session.onMessage (/usr/share/code/resources/app/extensions/node_modules/typescript/lib/tsserver.js:97600:35)
    at Interface.<anonymous> (/usr/share/code/resources/app/extensions/node_modules/typescript/lib/tsserver.js:98831:27)
    at emitOne (events.js:96:13)
    at Interface.emit (events.js:191:7)
    at Interface._onLine (readline.js:241:10)
    at Interface._normalWrite (readline.js:384:12)
    at Socket.ondata (readline.js:101:10)
    at emitOne (events.js:96:13)
    at Socket.emit (events.js:191:7)
    at readableAddChunk (_stream_readable.js:178:18)
    at Socket.Readable.push (_stream_readable.js:136:10)
    at Pipe.onread (net.js:560:20)
