[2018-09-28 15:09:16.761] [exthost1] [info] extension host started
[2018-09-28 15:09:16.804] [exthost1] [info] ExtensionService#_doActivateExtension vscode.emmet {"startup":true,"activationEvent":"*"}
[2018-09-28 15:09:16.804] [exthost1] [info] ExtensionService#loadCommonJSModule /usr/share/code/resources/app/extensions/emmet/out/extension
[2018-09-28 15:09:16.919] [exthost1] [info] ExtensionService#_doActivateExtension vscode.git {"startup":true,"activationEvent":"*"}
[2018-09-28 15:09:16.919] [exthost1] [info] ExtensionService#loadCommonJSModule /usr/share/code/resources/app/extensions/git/out/main
[2018-09-28 15:09:17.541] [exthost1] [info] ExtensionService#_doActivateExtension vscode.merge-conflict {"startup":true,"activationEvent":"*"}
[2018-09-28 15:09:17.541] [exthost1] [info] ExtensionService#loadCommonJSModule /usr/share/code/resources/app/extensions/merge-conflict/out/extension
[2018-09-28 15:09:17.575] [exthost1] [info] ExtensionService#_doActivateExtension vscode.search-rg {"startup":true,"activationEvent":"*"}
[2018-09-28 15:09:17.575] [exthost1] [info] ExtensionService#loadCommonJSModule /usr/share/code/resources/app/extensions/search-rg/out/extension
[2018-09-28 15:09:17.591] [exthost1] [info] ExtensionService#_doActivateExtension dbaeumer.vscode-eslint {"startup":true,"activationEvent":"*"}
[2018-09-28 15:09:17.591] [exthost1] [info] ExtensionService#loadCommonJSModule /home/academy/.vscode/extensions/dbaeumer.vscode-eslint-1.4.12/client/out/extension
[2018-09-28 15:09:17.687] [exthost1] [info] ExtensionService#_doActivateExtension esbenp.prettier-vscode {"startup":true,"activationEvent":"*"}
[2018-09-28 15:09:17.687] [exthost1] [info] ExtensionService#loadCommonJSModule /home/academy/.vscode/extensions/esbenp.prettier-vscode-1.6.1/out/src/extension
[2018-09-28 15:09:18.048] [exthost1] [info] ExtensionService#_doActivateExtension HookyQR.beautify {"startup":true,"activationEvent":"*"}
[2018-09-28 15:09:18.048] [exthost1] [info] ExtensionService#loadCommonJSModule /home/academy/.vscode/extensions/hookyqr.beautify-1.4.4/extension
[2018-09-28 15:09:18.168] [exthost1] [info] ExtensionService#_doActivateExtension robertohuertasm.vscode-icons {"startup":true,"activationEvent":"*"}
[2018-09-28 15:09:18.168] [exthost1] [info] ExtensionService#loadCommonJSModule /home/academy/.vscode/extensions/robertohuertasm.vscode-icons-7.27.0/out/src/
[2018-09-28 15:09:18.324] [exthost1] [info] eager extensions activated
[2018-09-28 15:09:57.679] [exthost1] [info] extension host started
[2018-09-28 15:09:57.748] [exthost1] [info] ExtensionService#_doActivateExtension vscode.emmet {"startup":true,"activationEvent":"*"}
[2018-09-28 15:09:57.748] [exthost1] [info] ExtensionService#loadCommonJSModule /usr/share/code/resources/app/extensions/emmet/out/extension
[2018-09-28 15:09:57.851] [exthost1] [info] ExtensionService#_doActivateExtension vscode.git {"startup":true,"activationEvent":"*"}
[2018-09-28 15:09:57.851] [exthost1] [info] ExtensionService#loadCommonJSModule /usr/share/code/resources/app/extensions/git/out/main
[2018-09-28 15:09:58.109] [exthost1] [info] ExtensionService#_doActivateExtension vscode.merge-conflict {"startup":true,"activationEvent":"*"}
[2018-09-28 15:09:58.109] [exthost1] [info] ExtensionService#loadCommonJSModule /usr/share/code/resources/app/extensions/merge-conflict/out/extension
[2018-09-28 15:09:58.127] [exthost1] [info] ExtensionService#_doActivateExtension vscode.search-rg {"startup":true,"activationEvent":"*"}
[2018-09-28 15:09:58.127] [exthost1] [info] ExtensionService#loadCommonJSModule /usr/share/code/resources/app/extensions/search-rg/out/extension
[2018-09-28 15:09:58.135] [exthost1] [info] ExtensionService#_doActivateExtension dbaeumer.vscode-eslint {"startup":true,"activationEvent":"*"}
[2018-09-28 15:09:58.135] [exthost1] [info] ExtensionService#loadCommonJSModule /home/academy/.vscode/extensions/dbaeumer.vscode-eslint-1.4.12/client/out/extension
[2018-09-28 15:09:58.220] [exthost1] [info] ExtensionService#_doActivateExtension esbenp.prettier-vscode {"startup":true,"activationEvent":"*"}
[2018-09-28 15:09:58.220] [exthost1] [info] ExtensionService#loadCommonJSModule /home/academy/.vscode/extensions/esbenp.prettier-vscode-1.6.1/out/src/extension
[2018-09-28 15:09:58.478] [exthost1] [info] ExtensionService#_doActivateExtension HookyQR.beautify {"startup":true,"activationEvent":"*"}
[2018-09-28 15:09:58.478] [exthost1] [info] ExtensionService#loadCommonJSModule /home/academy/.vscode/extensions/hookyqr.beautify-1.4.4/extension
[2018-09-28 15:09:58.593] [exthost1] [info] ExtensionService#_doActivateExtension robertohuertasm.vscode-icons {"startup":true,"activationEvent":"*"}
[2018-09-28 15:09:58.593] [exthost1] [info] ExtensionService#loadCommonJSModule /home/academy/.vscode/extensions/robertohuertasm.vscode-icons-7.27.0/out/src/
[2018-09-28 15:09:58.712] [exthost1] [info] eager extensions activated
[2018-09-28 15:11:06.544] [exthost1] [info] ExtensionService#_doActivateExtension octref.vetur {"startup":false,"activationEvent":"onLanguage:vue"}
[2018-09-28 15:11:06.544] [exthost1] [info] ExtensionService#loadCommonJSModule /home/academy/.vscode/extensions/octref.vetur-0.12.6/out/vueMain
[2018-09-28 15:11:16.018] [exthost1] [info] ExtensionService#_doActivateExtension vscode.typescript-language-features {"startup":false,"activationEvent":"onLanguage:javascript"}
[2018-09-28 15:11:16.018] [exthost1] [info] ExtensionService#loadCommonJSModule /usr/share/code/resources/app/extensions/typescript-language-features/out/extension
[2018-09-28 15:13:53.233] [exthost1] [info] ExtensionService#_doActivateExtension vscode.extension-editing {"startup":false,"activationEvent":"onLanguage:typescript"}
[2018-09-28 15:13:53.233] [exthost1] [info] ExtensionService#loadCommonJSModule /usr/share/code/resources/app/extensions/extension-editing/out/extension
[2018-09-28 15:26:33.234] [exthost1] [info] ExtensionService#_doActivateExtension vscode.html-language-features {"startup":false,"activationEvent":"onLanguage:html"}
[2018-09-28 15:26:33.234] [exthost1] [info] ExtensionService#loadCommonJSModule /usr/share/code/resources/app/extensions/html-language-features/client/out/htmlMain
